Build started 2015/3/2 星期一 18:24:38.
     1>Project "D:\github\C++Studyspace\asmInCpp\A+B-C\A+B-C.vcxproj" on node 3 (build target(s)).
     1>InitializeBuildStatus:
         Creating "Debug\A+B-C.unsuccessfulbuild" because "AlwaysCreate" was specified.
       GenerateTargetFrameworkMonikerAttribute:
       Skipping target "GenerateTargetFrameworkMonikerAttribute" because all output files are up-to-date with respect to the input files.
       ClCompile:
         All outputs are up-to-date.
         C:\Program Files (x86)\Microsoft Visual Studio 10.0\VC\bin\CL.exe /c /AI"C:\Program Files (x86)\Reference Assemblies\Microsoft\Framework\.NETFramework\v4.0" /Zi /clr /nologo /W3 /WX- /Od /Oy- /D WIN32 /D _DEBUG /D _UNICODE /D UNICODE /EHa /MDd /GS /fp:precise /Zc:wchar_t /Zc:forScope /Yu"StdAfx.h" /Fp"Debug\A+B-C.pch" /Fo"Debug\\" /Fd"Debug\vc100.pdb" /TP /FU"C:\Program Files (x86)\Reference Assemblies\Microsoft\Framework\.NETFramework\v4.0\System.Core.dll" /FU"C:\Program Files (x86)\Reference Assemblies\Microsoft\Framework\.NETFramework\v4.0\System.Data.dll" /FU"C:\Program Files (x86)\Reference Assemblies\Microsoft\Framework\.NETFramework\v4.0\System.dll" /FU"C:\Program Files (x86)\Reference Assemblies\Microsoft\Framework\.NETFramework\v4.0\System.Xml.dll" /analyze- /errorReport:prompt "A+B-C.cpp" /clr:nostdlib 
         A+B-C.cpp
     1>A+B-C.cpp(18): warning C4996: 'scanf': This function or variable may be unsafe. Consider using scanf_s instead. To disable deprecation, use _CRT_SECURE_NO_WARNINGS. See online help for details.
                 C:\Program Files (x86)\Microsoft Visual Studio 10.0\VC\include\stdio.h(304) : see declaration of 'scanf'
     1>A+B-C.cpp(20): warning C4996: 'scanf': This function or variable may be unsafe. Consider using scanf_s instead. To disable deprecation, use _CRT_SECURE_NO_WARNINGS. See online help for details.
                 C:\Program Files (x86)\Microsoft Visual Studio 10.0\VC\include\stdio.h(304) : see declaration of 'scanf'
     1>A+B-C.cpp(22): warning C4996: 'scanf': This function or variable may be unsafe. Consider using scanf_s instead. To disable deprecation, use _CRT_SECURE_NO_WARNINGS. See online help for details.
                 C:\Program Files (x86)\Microsoft Visual Studio 10.0\VC\include\stdio.h(304) : see declaration of 'scanf'
     1>d:\github\c++studyspace\asmincpp\a+b-c\a+b-c.cpp(24): warning C4793: 'test' : function compiled as native :
         	Inline native assembly not supported in managed code
         All outputs are up-to-date.
       ResourceCompile:
         All outputs are up-to-date.
       Link:
         C:\Program Files (x86)\Microsoft Visual Studio 10.0\VC\bin\link.exe /ERRORREPORT:PROMPT /OUT:"D:\github\C++Studyspace\asmInCpp\Debug\A+B-C.exe" /INCREMENTAL /NOLOGO /MANIFEST /ManifestFile:"Debug\A+B-C.exe.intermediate.manifest" /MANIFESTUAC:"level='asInvoker' uiAccess='false'" /DEBUG /PDB:"D:\github\C++Studyspace\asmInCpp\Debug\A+B-C.pdb" /ASSEMBLYDEBUG /TLBID:1 /DYNAMICBASE /FIXED:NO /NXCOMPAT /MACHINE:X86 Debug\app.res
         "Debug\A+B-C.obj"
         Debug\AssemblyInfo.obj
         Debug\stdafx.obj
         "Debug\.NETFramework,Version=v4.0.AssemblyAttributes.obj"
         A+B-C.vcxproj -> D:\github\C++Studyspace\asmInCpp\Debug\A+B-C.exe
       Manifest:
         C:\Program Files (x86)\Microsoft SDKs\Windows\v7.0A\bin\mt.exe /nologo /verbose /outputresource:"D:\github\C++Studyspace\asmInCpp\Debug\A+B-C.exe;#1" /manifest "Debug\A+B-C.exe.intermediate.manifest"
       FinalizeBuildStatus:
         Deleting file "Debug\A+B-C.unsuccessfulbuild".
         Touching "Debug\A+B-C.lastbuildstate".
     1>Done Building Project "D:\github\C++Studyspace\asmInCpp\A+B-C\A+B-C.vcxproj" (build target(s)).

Build succeeded.

Time Elapsed 00:00:00.63
