Build started 2015/5/24 星期日 20:56:27.
     1>Project "D:\github\MASM\Exam\q3d\q3d\q3d.vcxproj" on node 2 (build target(s)).
     1>InitializeBuildStatus:
         Touching "Debug\q3d.unsuccessfulbuild".
       GenerateTargetFrameworkMonikerAttribute:
       Skipping target "GenerateTargetFrameworkMonikerAttribute" because all output files are up-to-date with respect to the input files.
       ClCompile:
         All outputs are up-to-date.
         C:\Program Files (x86)\Microsoft Visual Studio 10.0\VC\bin\CL.exe /c /AI"C:\Program Files (x86)\Reference Assemblies\Microsoft\Framework\.NETFramework\v4.0" /Zi /clr /nologo /W3 /WX- /Od /Oy- /D WIN32 /D _DEBUG /D _UNICODE /D UNICODE /EHa /MDd /GS /fp:precise /Zc:wchar_t /Zc:forScope /Yu"StdAfx.h" /Fp"Debug\q3d.pch" /Fo"Debug\\" /Fd"Debug\vc100.pdb" /TP /FU"C:\Program Files (x86)\Reference Assemblies\Microsoft\Framework\.NETFramework\v4.0\System.Core.dll" /FU"C:\Program Files (x86)\Reference Assemblies\Microsoft\Framework\.NETFramework\v4.0\System.Data.dll" /FU"C:\Program Files (x86)\Reference Assemblies\Microsoft\Framework\.NETFramework\v4.0\System.dll" /FU"C:\Program Files (x86)\Reference Assemblies\Microsoft\Framework\.NETFramework\v4.0\System.Xml.dll" /analyze- /errorReport:prompt q3d.cpp /clr:nostdlib 
         q3d.cpp
     1>q3d.cpp(11): warning C4101: 'stat' : unreferenced local variable
     1>d:\github\masm\exam\q3d\q3d\q3d.cpp(13): warning C4793: 'run' : function compiled as native :
         	Inline native assembly not supported in managed code
         C:\Program Files (x86)\Microsoft Visual Studio 10.0\VC\bin\CL.exe /c /Zi /clr /nologo /W3 /WX- /Od /Oy- /D WIN32 /D _DEBUG /D _UNICODE /D UNICODE /EHa /MDd /GS /fp:precise /Zc:wchar_t /Zc:forScope /Fo"Debug\\" /Fd"Debug\vc100.pdb" /TP /analyze- /errorReport:prompt "C:\Users\Xiao Zhenbang\AppData\Local\Temp\.NETFramework,Version=v4.0.AssemblyAttributes.cpp"
         .NETFramework,Version=v4.0.AssemblyAttributes.cpp
       ResourceCompile:
         C:\Program Files (x86)\Microsoft SDKs\Windows\v7.0A\bin\rc.exe /D _UNICODE /D UNICODE /l"0x0409" /nologo /fo"Debug\app.res" app.rc 
       Link:
         C:\Program Files (x86)\Microsoft Visual Studio 10.0\VC\bin\link.exe /ERRORREPORT:PROMPT /OUT:"D:\github\MASM\Exam\q3d\Debug\q3d.exe" /INCREMENTAL /NOLOGO /MANIFEST /ManifestFile:"Debug\q3d.exe.intermediate.manifest" /MANIFESTUAC:"level='asInvoker' uiAccess='false'" /DEBUG /PDB:"D:\github\MASM\Exam\q3d\Debug\q3d.pdb" /ASSEMBLYDEBUG /TLBID:1 /DYNAMICBASE /FIXED:NO /NXCOMPAT /MACHINE:X86 Debug\app.res
         Debug\AssemblyInfo.obj
         Debug\q3d.obj
         Debug\stdafx.obj
         "Debug\.NETFramework,Version=v4.0.AssemblyAttributes.obj"
         q3d.vcxproj -> D:\github\MASM\Exam\q3d\Debug\q3d.exe
       Manifest:
         C:\Program Files (x86)\Microsoft SDKs\Windows\v7.0A\bin\mt.exe /nologo /verbose /outputresource:"D:\github\MASM\Exam\q3d\Debug\q3d.exe;#1" /manifest Debug\q3d.exe.intermediate.manifest
       FinalizeBuildStatus:
         Deleting file "Debug\q3d.unsuccessfulbuild".
         Touching "Debug\q3d.lastbuildstate".
     1>Done Building Project "D:\github\MASM\Exam\q3d\q3d\q3d.vcxproj" (build target(s)).

Build succeeded.

Time Elapsed 00:00:02.97
