Build started 2015/5/11 星期一 16:47:55.
     1>Project "D:\github\MASM\VietePi\VietePi\VietePi.vcxproj" on node 2 (build target(s)).
     1>InitializeBuildStatus:
         Touching "Debug\VietePi.unsuccessfulbuild".
       ClCompile:
         C:\Program Files (x86)\Microsoft Visual Studio 10.0\VC\bin\CL.exe /c /ZI /nologo /W3 /WX- /Od /Oy- /D _MBCS /Gm /EHsc /RTC1 /MDd /GS /fp:precise /Zc:wchar_t /Zc:forScope /Fo"Debug\\" /Fd"Debug\vc100.pdb" /Gd /TP /analyze- /errorReport:prompt VietePi.cpp
         VietePi.cpp
     1>d:\github\masm\vietepi\vietepi\vietepi.cpp(15): warning C4996: 'scanf': This function or variable may be unsafe. Consider using scanf_s instead. To disable deprecation, use _CRT_SECURE_NO_WARNINGS. See online help for details.
                 c:\program files (x86)\microsoft visual studio 10.0\vc\include\stdio.h(304) : see declaration of 'scanf'
       Link:
         C:\Program Files (x86)\Microsoft Visual Studio 10.0\VC\bin\link.exe /ERRORREPORT:PROMPT /OUT:"D:\github\MASM\VietePi\Debug\VietePi.exe" /NOLOGO kernel32.lib user32.lib gdi32.lib winspool.lib comdlg32.lib advapi32.lib shell32.lib ole32.lib oleaut32.lib uuid.lib odbc32.lib odbccp32.lib /MANIFEST /ManifestFile:"Debug\VietePi.exe.intermediate.manifest" /MANIFESTUAC:"level='asInvoker' uiAccess='false'" /DEBUG /PDB:"D:\github\MASM\VietePi\Debug\VietePi.pdb" /TLBID:1 /DYNAMICBASE /NXCOMPAT /IMPLIB:"D:\github\MASM\VietePi\Debug\VietePi.lib" /MACHINE:X86 Debug\VietePi.obj
         VietePi.vcxproj -> D:\github\MASM\VietePi\Debug\VietePi.exe
       Manifest:
         C:\Program Files (x86)\Microsoft SDKs\Windows\v7.0A\bin\mt.exe /nologo /verbose /outputresource:"D:\github\MASM\VietePi\Debug\VietePi.exe;#1" /manifest Debug\VietePi.exe.intermediate.manifest
       FinalizeBuildStatus:
         Deleting file "Debug\VietePi.unsuccessfulbuild".
         Touching "Debug\VietePi.lastbuildstate".
     1>Done Building Project "D:\github\MASM\VietePi\VietePi\VietePi.vcxproj" (build target(s)).

Build succeeded.

Time Elapsed 00:00:03.20
