Build started 2015/3/2 星期一 18:22:59.
     1>Project "D:\github\C++Studyspace\asmInCpp\FloatEval\FloatEval.vcxproj" on node 2 (build target(s)).
     1>InitializeBuildStatus:
         Creating "Debug\FloatEval.unsuccessfulbuild" because "AlwaysCreate" was specified.
       GenerateTargetFrameworkMonikerAttribute:
       Skipping target "GenerateTargetFrameworkMonikerAttribute" because all output files are up-to-date with respect to the input files.
       ClCompile:
         All outputs are up-to-date.
         C:\Program Files (x86)\Microsoft Visual Studio 10.0\VC\bin\CL.exe /c /AI"C:\Program Files (x86)\Reference Assemblies\Microsoft\Framework\.NETFramework\v4.0" /Zi /clr /nologo /W3 /WX- /Od /Oy- /D WIN32 /D _DEBUG /D _UNICODE /D UNICODE /EHa /MDd /GS /fp:precise /Zc:wchar_t /Zc:forScope /Yu"StdAfx.h" /Fp"Debug\FloatEval.pch" /Fo"Debug\\" /Fd"Debug\vc100.pdb" /TP /FU"C:\Program Files (x86)\Reference Assemblies\Microsoft\Framework\.NETFramework\v4.0\System.Core.dll" /FU"C:\Program Files (x86)\Reference Assemblies\Microsoft\Framework\.NETFramework\v4.0\System.Data.dll" /FU"C:\Program Files (x86)\Reference Assemblies\Microsoft\Framework\.NETFramework\v4.0\System.dll" /FU"C:\Program Files (x86)\Reference Assemblies\Microsoft\Framework\.NETFramework\v4.0\System.Xml.dll" /analyze- /errorReport:prompt FloatEval.cpp /clr:nostdlib 
         FloatEval.cpp
     1>d:\github\c++studyspace\asmincpp\floateval\floateval.cpp(19): warning C4793: 'test' : function compiled as native :
         	Inline native assembly not supported in managed code
         All outputs are up-to-date.
       ResourceCompile:
         All outputs are up-to-date.
       Link:
         C:\Program Files (x86)\Microsoft Visual Studio 10.0\VC\bin\link.exe /ERRORREPORT:PROMPT /OUT:"D:\github\C++Studyspace\asmInCpp\Debug\FloatEval.exe" /INCREMENTAL /NOLOGO /MANIFEST /ManifestFile:"Debug\FloatEval.exe.intermediate.manifest" /MANIFESTUAC:"level='asInvoker' uiAccess='false'" /DEBUG /PDB:"D:\github\C++Studyspace\asmInCpp\Debug\FloatEval.pdb" /ASSEMBLYDEBUG /TLBID:1 /DYNAMICBASE /FIXED:NO /NXCOMPAT /MACHINE:X86 Debug\app.res
         Debug\AssemblyInfo.obj
         Debug\FloatEval.obj
         Debug\stdafx.obj
         "Debug\.NETFramework,Version=v4.0.AssemblyAttributes.obj"
         FloatEval.vcxproj -> D:\github\C++Studyspace\asmInCpp\Debug\FloatEval.exe
       Manifest:
         C:\Program Files (x86)\Microsoft SDKs\Windows\v7.0A\bin\mt.exe /nologo /verbose /outputresource:"D:\github\C++Studyspace\asmInCpp\Debug\FloatEval.exe;#1" /manifest Debug\FloatEval.exe.intermediate.manifest
       FinalizeBuildStatus:
         Deleting file "Debug\FloatEval.unsuccessfulbuild".
         Touching "Debug\FloatEval.lastbuildstate".
     1>Done Building Project "D:\github\C++Studyspace\asmInCpp\FloatEval\FloatEval.vcxproj" (build target(s)).

Build succeeded.

Time Elapsed 00:00:00.59
